<?xml version="1.0" encoding="UTF-8"?>
<!-- Generated by org.testng.reporters.JUnitXMLReporter -->
<testsuite ignored="3" hostname="PUN-LAP-TANMAY" failures="1" tests="7" name="OrangeHRMTest" time="39.398" errors="0" timestamp="2026-04-19T13:47:18 IST">
  <testcase classname="com.orangehrm.test.DummyClass" name="dummyTest" time="0.052">
    <skipped/>
  </testcase> <!-- dummyTest -->
  <testcase classname="com.orangehrm.test.DummyClass2" name="dummyTest" time="0.027"/>
  <testcase classname="com.orangehrm.test.LoginPageTest" name="invalidLoginTest" time="2.915">
    <failure type="java.lang.AssertionError" message="Tast failed: Invalid error message expected [true] but found [false]">
      <![CDATA[java.lang.AssertionError: Tast failed: Invalid error message expected [true] but found [false]
at com.orangehrm.test.LoginPageTest.invalidLoginTest(LoginPageTest.java:43)
at java.base/java.util.concurrent.Executors$RunnableAdapter.call(Executors.java:572)
at java.base/java.util.concurrent.FutureTask.run(FutureTask.java:317)
at java.base/java.util.concurrent.ThreadPoolExecutor.runWorker(ThreadPoolExecutor.java:1144)
at java.base/java.util.concurrent.ThreadPoolExecutor$Worker.run(ThreadPoolExecutor.java:642)
at java.base/java.lang.Thread.run(Thread.java:1583)
... Removed 14 stack frames]]>
    </failure>
  </testcase> <!-- invalidLoginTest -->
  <testcase classname="com.orangehrm.test.HomePageTest" name="verifyAdminTab" time="4.166"/>
  <testcase classname="com.orangehrm.test.HomePageTest" name="verifyLogoutTab" time="3.89"/>
  <testcase classname="com.orangehrm.test.LoginPageTest" name="verifyValidLoginPage" time="15.778"/>
  <testcase classname="com.orangehrm.test.HomePageTest" name="verifyOrangeHRMLogo" time="2.985"/>
  <testcase classname="com.orangehrm.base.BaseClass" name="@BeforeSuite loadConfig" time="0.0">
    <ignored/>
  </testcase> <!-- @BeforeSuite loadConfig -->
  <testcase classname="com.orangehrm.base.BaseClass" name="@BeforeSuite loadConfig" time="0.0">
    <ignored/>
  </testcase> <!-- @BeforeSuite loadConfig -->
  <testcase classname="com.orangehrm.base.BaseClass" name="@BeforeSuite loadConfig" time="0.0">
    <ignored/>
  </testcase> <!-- @BeforeSuite loadConfig -->
</testsuite> <!-- OrangeHRMTest -->
