<?xml version="1.0" encoding="UTF-8"?>
<!-- Generated by org.testng.reporters.JUnitXMLReporter -->
<testsuite ignored="3" hostname="PUN-LAP-TANMAY" failures="0" tests="7" name="OrangeHRMTest2" time="108.113" errors="0" timestamp="2026-04-14T17:51:29 IST">
  <testcase classname="com.orangehrm.test.DummyClass" name="dummyTest" time="0.025"/>
  <testcase classname="com.orangehrm.test.DummyClass2" name="dummyTest" time="0.016"/>
  <testcase classname="com.orangehrm.test.LoginPageTest" name="invalidLoginTest" time="3.799"/>
  <testcase classname="com.orangehrm.test.LoginPageTest" name="verifyValidLoginPage" time="8.605"/>
  <testcase classname="com.orangehrm.test.HomePageTest" name="verifyAdminTab" time="2.997"/>
  <testcase classname="com.orangehrm.test.HomePageTest" name="verifyLogoutTab" time="4.677"/>
  <testcase classname="com.orangehrm.test.HomePageTest" name="verifyOrangeHRMLogo" time="2.772"/>
  <testcase classname="com.orangehrm.base.BaseClass" name="@BeforeSuite loadConfig" time="0.0">
    <ignored/>
  </testcase> <!-- @BeforeSuite loadConfig -->
  <testcase classname="com.orangehrm.base.BaseClass" name="@BeforeSuite loadConfig" time="0.0">
    <ignored/>
  </testcase> <!-- @BeforeSuite loadConfig -->
  <testcase classname="com.orangehrm.base.BaseClass" name="@BeforeSuite loadConfig" time="0.0">
    <ignored/>
  </testcase> <!-- @BeforeSuite loadConfig -->
</testsuite> <!-- OrangeHRMTest2 -->
