<?xml version="1.0" encoding="UTF-8"?>
<!-- Generated by org.testng.reporters.JUnitXMLReporter -->
<testsuite ignored="3" hostname="PUN-LAP-TANMAY" failures="0" tests="7" name="OrangeHRMTest1" time="120.233" errors="0" timestamp="2026-04-14T17:51:41 IST">
  <testcase classname="com.orangehrm.test.DummyClass" name="dummyTest" time="0.041"/>
  <testcase classname="com.orangehrm.test.DummyClass2" name="dummyTest" time="0.018"/>
  <testcase classname="com.orangehrm.test.LoginPageTest" name="invalidLoginTest" time="5.001"/>
  <testcase classname="com.orangehrm.test.LoginPageTest" name="verifyValidLoginPage" time="9.103"/>
  <testcase classname="com.orangehrm.test.HomePageTest" name="verifyAdminTab" time="2.971"/>
  <testcase classname="com.orangehrm.test.HomePageTest" name="verifyLogoutTab" time="4.719"/>
  <testcase classname="com.orangehrm.test.HomePageTest" name="verifyOrangeHRMLogo" time="4.051"/>
  <testcase classname="com.orangehrm.base.BaseClass" name="@BeforeSuite loadConfig" time="0.0">
    <ignored/>
  </testcase> <!-- @BeforeSuite loadConfig -->
  <testcase classname="com.orangehrm.base.BaseClass" name="@BeforeSuite loadConfig" time="0.0">
    <ignored/>
  </testcase> <!-- @BeforeSuite loadConfig -->
  <testcase classname="com.orangehrm.base.BaseClass" name="@BeforeSuite loadConfig" time="0.0">
    <ignored/>
  </testcase> <!-- @BeforeSuite loadConfig -->
</testsuite> <!-- OrangeHRMTest1 -->
