<?xml version="1.0" encoding="UTF-8"?>
<!-- Generated by org.testng.reporters.JUnitReportReporter -->
<testsuite hostname="PUN-LAP-TANMAY" failures="0" tests="3" name="com.orangehrm.test.HomePageTest" time="38.597" errors="0" timestamp="2026-04-19T13:47:18 IST" skipped="0">
  <testcase classname="com.orangehrm.test.HomePageTest" name="verifyLogoutTab" time="14.639"/>
  <testcase classname="com.orangehrm.test.HomePageTest" name="verifyAdminTab" time="12.857"/>
  <testcase classname="com.orangehrm.test.HomePageTest" name="verifyOrangeHRMLogo" time="11.101"/>
</testsuite> <!-- com.orangehrm.test.HomePageTest -->
